<?xml version="1.0" encoding="UTF-8"?>
<!-- Generated by org.testng.reporters.JUnitReportReporter -->
<testsuite hostname="DESKTOP-H54IS1T" failures="0" tests="1" name="seleniumGrid.HeadLessTest" time="106.747" errors="0" timestamp="2024-07-19T08:04:37 IST" skipped="0">
  <testcase classname="seleniumGrid.HeadLessTest" name="f" time="106.747"/>
  <system-out/>
</testsuite> <!-- seleniumGrid.HeadLessTest -->
