<?xml version="1.0" encoding="UTF-8"?>
<!-- Generated by org.testng.reporters.JUnitReportReporter -->
<testsuite hostname="DESKTOP-H54IS1T" failures="0" tests="1" name="com.staragile.LoginPageTestCase" time="2.605" errors="0" timestamp="2024-07-28T13:29:14 IST" skipped="0">
  <testcase classname="com.staragile.LoginPageTestCase" name="ValidateLogin" time="2.605"/>
  <system-out>
    <![CDATA[TestPass]]>
  </system-out>
</testsuite> <!-- com.staragile.LoginPageTestCase -->
