<?xml version="1.0" encoding="UTF-8"?>
<!-- Generated by org.testng.reporters.JUnitReportReporter -->
<testsuite hostname="DESKTOP-H54IS1T" failures="0" tests="3" name="seleniumGrid.ParallelTest" time="126.789" errors="0" timestamp="2024-07-19T08:10:20 IST" skipped="0">
  <testcase classname="seleniumGrid.ParallelTest" name="crossBrowserTesting" time="35.582"/>
  <system-out/>
  <testcase classname="seleniumGrid.ParallelTest" name="crossBrowserTesting" time="65.796"/>
  <system-out/>
  <testcase classname="seleniumGrid.ParallelTest" name="crossBrowserTesting" time="25.411"/>
  <system-out/>
</testsuite> <!-- seleniumGrid.ParallelTest -->
