<?xml version="1.0" encoding="UTF-8"?>
<!-- Generated by org.testng.reporters.JUnitReportReporter -->
<testsuite hostname="DESKTOP-H54IS1T" failures="0" tests="3" name="com.staragile.HomePageTest" time="2.782" errors="0" timestamp="2024-07-28T13:34:10 IST" skipped="0">
  <testcase classname="com.staragile.HomePageTest" name="VerifyURL" time="0.936"/>
  <system-out>
    <![CDATA[TestPass, URL Matched]]>
  </system-out>
  <testcase classname="com.staragile.HomePageTest" name="VerifyTitle" time="0.045"/>
  <system-out>
    <![CDATA[url matched successfully]]>
  </system-out>
  <testcase classname="com.staragile.HomePageTest" name="ValidateSignInLink" time="1.801"/>
  <system-out>
    <![CDATA[link match ans pass]]>
  </system-out>
</testsuite> <!-- com.staragile.HomePageTest -->
