<?xml version="1.0" encoding="UTF-8"?>
<!-- Generated by org.testng.reporters.JUnitReportReporter -->
<testsuite hostname="DESKTOP-H54IS1T" failures="0" tests="3" name="com.staragile.HomePageTest" time="2.241" errors="0" timestamp="2024-07-28T21:40:54 IST" skipped="0">
  <testcase classname="com.staragile.HomePageTest" name="VerifyURL" time="0.010"/>
  <system-out>
    <![CDATA[TestPass, URL Matched]]>
  </system-out>
  <testcase classname="com.staragile.HomePageTest" name="VerifyTitle" time="0.035"/>
  <system-out>
    <![CDATA[url matched successfully]]>
  </system-out>
  <testcase classname="com.staragile.HomePageTest" name="ValidateSignInLink" time="2.196"/>
  <system-out>
    <![CDATA[link match ans pass]]>
  </system-out>
</testsuite> <!-- com.staragile.HomePageTest -->
